<?xml version="1.0" encoding="UTF-8"?>
<!-- Generated by org.testng.reporters.JUnitXMLReporter -->
<testsuite ignored="2" hostname="LAPTOP-IPV7ESU4" failures="1" tests="3" name="EXUVIANCE TEST-CASES" time="12.933" errors="0" timestamp="2023-03-19T23:39:39 IST">
  <testcase classname="com.tpt.testCases.IndexPageTestCases" name="INDEX_verifyLogo" time="0.012">
    <failure type="java.lang.AssertionError" message="expected [true] but found [false]">
      <![CDATA[java.lang.AssertionError: expected [true] but found [false]
at com.tpt.pageObjects.IndexPageTpT.validateLogo(IndexPageTpT.java:38)
at com.tpt.testCases.IndexPageTestCases.INDEX_verifyLogo(IndexPageTestCases.java:28)
at java.base/java.util.ArrayList.forEach(ArrayList.java:1511)
... Removed 31 stack frames]]>
    </failure>
  </testcase> <!-- INDEX_verifyLogo -->
  <testcase classname="com.tpt.testCases.IndexPageTestCases" name="INDEX_verifyTitle" time="0.009"/>
  <testcase classname="com.tpt.testCases.LoginPageTestCases" name="LOGIN_verifyLoginPage" time="0.0">
    <skipped/>
  </testcase> <!-- LOGIN_verifyLoginPage -->
  <testcase classname="com.tpt.base.BaseClassTpT" name="@AfterSuite afterSuite" time="0.0">
    <ignored/>
  </testcase> <!-- @AfterSuite afterSuite -->
  <testcase classname="com.tpt.base.BaseClassTpT" name="@BeforeSuite loadConfig" time="0.0">
    <ignored/>
  </testcase> <!-- @BeforeSuite loadConfig -->
</testsuite> <!-- EXUVIANCE TEST-CASES -->
